10
a
illustrate
is
of
piece
problem
sample
text
this
to
1
abc
284
a
abandoned
abhorrent
absorb
accomplished
account
actions
activity
adjusted
adler
admirable
admirably
admit
again
akin
all
alternating
always
ambition
among
and
any
around
as
associated
at
atkinson
attention
attracted
away
baker
balanced
be
been
between
beyond
bohemian
books
brilliantly
brothers
buried
but
by
case
centred
civil
clearing
clues
cocaine
cold
companion
complete
crack
crime
daily
dark
deeply
delicate
delicately
desire
distracting
disturbing
doings
door
doubt
drawing
drifted
drowsiness
drug
dubious
each
eclipses
emotion
emotions
employing
energy
establishment
even
ever
every
excellent
extraordinary
eyes
factor
faculties
false
family
felt
fierce
finally
finds
finely
first
following
for
form
former
friend
from
gibe
grit
had
happiness
has
have
he
heard
her
high
him
himself
his
holland
holmes
home
hopeless
how
however
i
immense
in
incidents
instrument
interests
into
introduce
intrusions
irene
is
it
journey
keen
knew
know
late
lately
led
lenses
lit
little
loathed
lodgings
looked
love
lover
machine
man
march
marriage
master
me
memory
men
mental
mention
merely
might
mind
mission
more
most
motives
murder
must
my
mysteries
name
nature
never
night
not
now
observation
observer
observing
occupied
odessa
of
official
old
on
one
or
other
our
out
own
particularly
passed
passions
patient
perfect
placed
police
position
power
powers
practice
precise
predominates
press
questionable
readers
reasoner
reasoning
reigning
remained
remembered
results
returned
returning
rise
rooms
s
save
saw
scarlet
see
seen
seized
seldom
sensitive
sex
shared
she
sherlock
signs
singular
sneer
so
society
softer
some
soul
spoke
still
street
strong
study
successfully
such
sufficient
summons
take
temperament
than
that
the
there
these
they
things
those
through
throw
time
to
tragedy
trained
trepoff
trincomalee
twentieth
under
up
upon
us
vague
veil
was
way
week
well
were
when
which
while
who
whole
with
woman
wooing
world
would
yet
384
a
account
across
active
address
again
against
ago
all
almost
aloud
always
am
amiss
an
and
answered
appears
are
armchair
as
at
attitude
baffled
be
because
been
before
behind
believe
bell
black
blind
boot
both
bulge
burned
but
by
call
came
can
careless
carelessly
case
caused
centuries
certainly
chamber
changed
chest
chronicle
chuckled
cigarette
cigars
clasped
clear
clock
clothes
clumsy
consult
corner
could
country
created
crusted
cuts
dark
dear
deduce
deduction
deepest
desires
did
distinction
do
don
double
down
dreadful
dreams
drug
dull
each
eagerly
ease
easily
edges
effusive
eight
either
enough
europe
every
exaggerated
example
experiences
explain
explained
eye
eyes
fail
fancy
fashion
few
figure
fire
firelight
for
forefinger
formerly
frequently
from
gasogene
gentleman
getting
girl
give
given
glad
go
good
habit
had
half
hall
hands
hardly
harness
has
hat
have
he
head
hear
help
hence
her
him
himself
his
holmes
home
hot
hour
houses
how
hundreds
i
if
imagine
importance
in
incorrigible
indeed
indicated
inside
instance
intended
interested
into
introspective
iodoform
is
it
itself
jane
just
kindly
knew
know
last
lately
laughing
lead
leather
left
lighting
little
lived
london
long
looked
lying
malignant
manner
many
mark
mary
mask
matter
matters
may
me
medical
member
mess
moment
mood
more
most
much
mud
must
my
myself
mystery
nervous
new
night
nitrate
not
note
notice
now
o
observe
observed
obviously
of
often
on
one
open
or
order
out
over
own
pacing
paper
parallel
part
particularly
pass
pink
point
post
pounds
practice
problem
problems
process
profession
pronounce
put
quarter
quarters
quite
rang
read
reasoning
reasons
received
recent
remarked
remove
ridiculously
right
risen
room
rooms
round
royal
rubbed
safely
said
saw
scent
scored
scraped
secreted
see
seen
seldom
servant
services
seven
seventeen
she
sheet
shoe
should
show
shown
side
signature
silhouette
silver
simple
simplicity
since
singular
six
slavey
slitting
smelling
so
sole
some
someone
spare
specimen
spirit
spoken
steps
stethoscope
stood
story
strikes
successive
suits
sunk
swiftly
t
table
take
tall
tell
that
the
their
then
there
these
they
thick
thing
think
this
though
thought
threw
throwing
thursday
times
tinted
to
together
told
too
top
trifle
trifling
true
trusted
twice
two
undated
until
up
upon
very
vile
visitor
walk
walks
was
watson
waved
way
we
wear
weather
wedlock
well
wet
what
when
where
which
who
wife
will
with
without
word
work
would
yet
you
your
yours
yourself
